2023-01-21 11:33:02,655 INFO  [org.jboss.modules] (main) JBoss Modules version 1.8.5.Final
2023-01-21 11:33:04,727 INFO  [org.jboss.msc] (main) JBoss MSC version 1.4.2.Final
2023-01-21 11:33:04,735 INFO  [org.jboss.threads] (main) JBoss Threads version 2.3.2.Final
2023-01-21 11:33:04,812 INFO  [org.jboss.as] (MSC service thread 1-2) WFLYSRV0049: WildFly Full 13.0.0.Final (WildFly Core 5.0.0.Final) starting
2023-01-21 11:33:04,812 DEBUG [org.jboss.as.config] (MSC service thread 1-2) Configured system properties:
	file.encoding = UTF-8
	file.separator = \
	java.awt.headless = true
	java.class.path = C:\Users\jdcor\OneDrive\Documents\Desarrollo\wildfly-13.0.0.Final\wildfly-13.0.0.Final\jboss-modules.jar
	java.class.version = 61.0
	java.home = C:\Users\jdcor\OneDrive\Documents\Desarrollo\eclipse-jee-2022-12-R-win32-x86_64\eclipse\plugins\org.eclipse.justj.openjdk.hotspot.jre.full.win32.x86_64_17.0.5.v20221102-0933\jre
	java.io.tmpdir = C:\Users\jdcor\AppData\Local\Temp\
	java.library.path = C:\Users\jdcor\OneDrive\Documents\Desarrollo\eclipse-jee-2022-12-R-win32-x86_64\eclipse\plugins\org.eclipse.justj.openjdk.hotspot.jre.full.win32.x86_64_17.0.5.v20221102-0933\jre\bin;C:\Windows\Sun\Java\bin;C:\Windows\system32;C:\Windows;native;C:/Users/jdcor/OneDrive/Documents/Desarrollo/eclipse-jee-2022-12-R-win32-x86_64/eclipse//plugins/org.eclipse.justj.openjdk.hotspot.jre.full.win32.x86_64_17.0.5.v20221102-0933/jre/bin/server;C:/Users/jdcor/OneDrive/Documents/Desarrollo/eclipse-jee-2022-12-R-win32-x86_64/eclipse//plugins/org.eclipse.justj.openjdk.hotspot.jre.full.win32.x86_64_17.0.5.v20221102-0933/jre/bin;C:\Program Files (x86)\Common Files\Oracle\Java\javapath;C:\Windows\system32;C:\Windows;C:\Windows\System32\Wbem;C:\Windows\System32\WindowsPowerShell\v1.0\;C:\Windows\System32\OpenSSH\;C:\Program Files (x86)\NVIDIA Corporation\PhysX\Common;C:\Program Files\NVIDIA Corporation\NVIDIA NvDLISR;C:\Program Files\Git\cmd;C:\Program Files\nodejs\;C:\Users\jdcor\AppData\Local\Microsoft\WindowsApps;;C:\Users\jdcor\AppData\Local\Programs\Microsoft VS Code\bin;C:\Users\jdcor\AppData\Roaming\npm;C:\Users\jdcor\OneDrive\Documents\Desarrollo\eclipse-jee-2022-12-R-win32-x86_64\eclipse;;.
	java.net.preferIPv4Stack = true
	java.runtime.name = OpenJDK Runtime Environment
	java.runtime.version = 17.0.5+8
	java.specification.name = Java Platform API Specification
	java.specification.vendor = Oracle Corporation
	java.specification.version = 17
	java.util.logging.manager = org.jboss.logmanager.LogManager
	java.vendor = Eclipse Adoptium
	java.vendor.url = https://adoptium.net/
	java.vendor.url.bug = https://github.com/adoptium/adoptium-support/issues
	java.vendor.version = Temurin-17.0.5+8
	java.version = 17.0.5
	java.version.date = 2022-10-18
	java.vm.compressedOopsMode = 32-bit
	java.vm.info = mixed mode
	java.vm.name = OpenJDK 64-Bit Server VM
	java.vm.specification.name = Java Virtual Machine Specification
	java.vm.specification.vendor = Oracle Corporation
	java.vm.specification.version = 17
	java.vm.vendor = Eclipse Adoptium
	java.vm.version = 17.0.5+8
	javax.management.builder.initial = org.jboss.as.jmx.PluggableMBeanServerBuilder
	jboss.bind.address = localhost
	jboss.bind.address.management = localhost
	jboss.home.dir = C:\Users\jdcor\OneDrive\Documents\Desarrollo\wildfly-13.0.0.Final\wildfly-13.0.0.Final
	jboss.host.name = johnwarrior
	jboss.modules.dir = C:\Users\jdcor\OneDrive\Documents\Desarrollo\wildfly-13.0.0.Final\wildfly-13.0.0.Final\modules
	jboss.modules.system.pkgs = org.jboss.byteman
	jboss.node.name = johnwarrior
	jboss.qualified.host.name = johnwarrior
	jboss.server.base.dir = C:\Users\jdcor\OneDrive\Documents\Desarrollo\wildfly-13.0.0.Final\wildfly-13.0.0.Final\standalone
	jboss.server.config.dir = C:\Users\jdcor\OneDrive\Documents\Desarrollo\wildfly-13.0.0.Final\wildfly-13.0.0.Final\standalone\configuration
	jboss.server.data.dir = C:\Users\jdcor\OneDrive\Documents\Desarrollo\wildfly-13.0.0.Final\wildfly-13.0.0.Final\standalone\data
	jboss.server.deploy.dir = C:\Users\jdcor\OneDrive\Documents\Desarrollo\wildfly-13.0.0.Final\wildfly-13.0.0.Final\standalone\data\content
	jboss.server.log.dir = C:\Users\jdcor\OneDrive\Documents\Desarrollo\wildfly-13.0.0.Final\wildfly-13.0.0.Final\standalone\log
	jboss.server.name = johnwarrior
	jboss.server.persist.config = true
	jboss.server.temp.dir = C:\Users\jdcor\OneDrive\Documents\Desarrollo\wildfly-13.0.0.Final\wildfly-13.0.0.Final\standalone\tmp
	jdk.debug = release
	line.separator = 

	logging.configuration = file:C:\Users\jdcor\OneDrive\Documents\Desarrollo\wildfly-13.0.0.Final\wildfly-13.0.0.Final\standalone\configuration\logging.properties
	module.path = C:\Users\jdcor\OneDrive\Documents\Desarrollo\wildfly-13.0.0.Final\wildfly-13.0.0.Final\modules
	native.encoding = Cp1252
	org.jboss.boot.log.file = C:\Users\jdcor\OneDrive\Documents\Desarrollo\wildfly-13.0.0.Final\wildfly-13.0.0.Final\standalone\log\boot.log
	org.jboss.logmanager.nocolor = true
	org.jboss.resolver.warning = true
	os.arch = amd64
	os.name = Windows 11
	os.version = 10.0
	path.separator = ;
	program.name = JBossTools: WildFly 13
	sun.arch.data.model = 64
	sun.boot.library.path = C:\Users\jdcor\OneDrive\Documents\Desarrollo\eclipse-jee-2022-12-R-win32-x86_64\eclipse\plugins\org.eclipse.justj.openjdk.hotspot.jre.full.win32.x86_64_17.0.5.v20221102-0933\jre\bin
	sun.cpu.endian = little
	sun.cpu.isalist = amd64
	sun.io.unicode.encoding = UnicodeLittle
	sun.java.command = org.jboss.modules.Main -mp C:\Users\jdcor\OneDrive\Documents\Desarrollo\wildfly-13.0.0.Final\wildfly-13.0.0.Final\modules org.jboss.as.standalone -b localhost --server-config=standalone.xml -Djboss.server.base.dir=C:\Users\jdcor\OneDrive\Documents\Desarrollo\wildfly-13.0.0.Final\wildfly-13.0.0.Final\standalone
	sun.java.launcher = SUN_STANDARD
	sun.jnu.encoding = Cp1252
	sun.management.compiler = HotSpot 64-Bit Tiered Compilers
	sun.os.patch.level = 
	sun.rmi.dgc.client.gcInterval = 3600000
	sun.rmi.dgc.server.gcInterval = 3600000
	user.country = CO
	user.dir = C:\Users\jdcor\OneDrive\Documents\Desarrollo\wildfly-13.0.0.Final\wildfly-13.0.0.Final\bin
	user.home = C:\Users\jdcor
	user.language = es
	user.name = jdcor
	user.script = 
	user.timezone = America/Bogota
	user.variant = 
2023-01-21 11:33:04,814 DEBUG [org.jboss.as.config] (MSC service thread 1-2) VM Arguments: -Dprogram.name=JBossTools: WildFly 13 -Xms64m -Xmx512m -Dorg.jboss.resolver.warning=true -Djava.net.preferIPv4Stack=true -Dsun.rmi.dgc.client.gcInterval=3600000 -Dsun.rmi.dgc.server.gcInterval=3600000 -Djboss.modules.system.pkgs=org.jboss.byteman -Djava.awt.headless=true -Dorg.jboss.boot.log.file=C:\Users\jdcor\OneDrive\Documents\Desarrollo\wildfly-13.0.0.Final\wildfly-13.0.0.Final\standalone\log\boot.log -Dlogging.configuration=file:C:\Users\jdcor\OneDrive\Documents\Desarrollo\wildfly-13.0.0.Final\wildfly-13.0.0.Final\standalone\configuration\logging.properties -Djboss.home.dir=C:\Users\jdcor\OneDrive\Documents\Desarrollo\wildfly-13.0.0.Final\wildfly-13.0.0.Final -Dorg.jboss.logmanager.nocolor=true --add-exports=java.desktop/sun.awt=ALL-UNNAMED --add-exports=java.naming/com.sun.jndi.ldap=ALL-UNNAMED --add-opens=java.base/java.lang=ALL-UNNAMED --add-opens=java.base/java.lang.invoke=ALL-UNNAMED --add-opens=java.base/java.lang.reflect=ALL-UNNAMED --add-opens=java.base/java.io=ALL-UNNAMED --add-opens=java.base/java.security=ALL-UNNAMED --add-opens=java.base/java.util=ALL-UNNAMED --add-opens=java.base/java.util.concurrent=ALL-UNNAMED --add-opens=java.management/javax.management=ALL-UNNAMED --add-opens=java.naming/javax.naming=ALL-UNNAMED --add-exports=java.base/sun.nio.ch=ALL-UNNAMED --add-exports=jdk.unsupported/sun.misc=ALL-UNNAMED --add-exports=jdk.unsupported/sun.reflect=ALL-UNNAMED --add-modules=java.se -Djboss.bind.address.management=localhost -Dfile.encoding=UTF-8 -XX:+ShowCodeDetailsInExceptionMessages 
2023-01-21 11:33:09,239 INFO  [org.jboss.as.controller.management-deprecated] (Controller Boot Thread) WFLYCTL0028: Attribute 'security-realm' in the resource at address '/core-service=management/management-interface=http-interface' is deprecated, and may be removed in a future version. See the attribute description in the output of the read-resource-description operation to learn more about the deprecation.
2023-01-21 11:33:09,248 INFO  [org.wildfly.security] (ServerService Thread Pool -- 23) ELY00001: WildFly Elytron version 1.3.3.Final
2023-01-21 11:33:09,249 INFO  [org.jboss.as.controller.management-deprecated] (ServerService Thread Pool -- 13) WFLYCTL0028: Attribute 'security-realm' in the resource at address '/subsystem=undertow/server=default-server/https-listener=https' is deprecated, and may be removed in a future version. See the attribute description in the output of the read-resource-description operation to learn more about the deprecation.
2023-01-21 11:33:09,376 INFO  [org.jboss.as.server.deployment.scanner] (DeploymentScanner-threads - 1) WFLYDS0004: Found ips-1.0.0.war in deployment directory. To trigger deployment create a file called ips-1.0.0.war.dodeploy
2023-01-21 11:33:09,396 INFO  [org.jboss.as.server] (Controller Boot Thread) WFLYSRV0039: Creating http management service using socket-binding (management-http)
2023-01-21 11:33:09,406 INFO  [org.xnio] (MSC service thread 1-4) XNIO version 3.6.3.Final
2023-01-21 11:33:09,412 INFO  [org.xnio.nio] (MSC service thread 1-4) XNIO NIO Implementation Version 3.6.3.Final
